<?xml version="1.0" encoding="UTF-8"?>
<testng-results ignored="0" total="3" passed="3" failed="0" skipped="0">
  <reporter-output>
  </reporter-output>
  <suite started-at="2025-06-15T20:24:39 IST" name="Suite" finished-at="2025-06-15T20:24:46 IST" duration-ms="6510">
    <groups>
    </groups>
    <test started-at="2025-06-15T20:24:39 IST" name="Test" finished-at="2025-06-15T20:24:46 IST" duration-ms="6510">
      <class name="testngpract.AllurReport">
        <test-method signature="test()[pri:0, instance:testngpract.AllurReport@1a4927d6]" started-at="2025-06-15T20:24:39 IST" name="test" finished-at="2025-06-15T20:24:45 IST" duration-ms="5989" status="PASS">
          <reporter-output>
          </reporter-output>
        </test-method> <!-- test -->
        <test-method signature="test2()[pri:0, instance:testngpract.AllurReport@1a4927d6]" started-at="2025-06-15T20:24:45 IST" name="test2" finished-at="2025-06-15T20:24:45 IST" duration-ms="8" status="PASS">
          <reporter-output>
          </reporter-output>
        </test-method> <!-- test2 -->
        <test-method is-config="true" signature="teardown()[pri:0, instance:testngpract.AllurReport@1a4927d6]" started-at="2025-06-15T20:24:45 IST" name="teardown" finished-at="2025-06-15T20:24:46 IST" duration-ms="317" status="PASS">
          <reporter-output>
          </reporter-output>
        </test-method> <!-- teardown -->
      </class> <!-- testngpract.AllurReport -->
      <class name="testngpract.Demo">
        <test-method signature="testMethod()[pri:0, instance:testngpract.Demo@3e0e1046]" started-at="2025-06-15T20:24:46 IST" name="testMethod" finished-at="2025-06-15T20:24:46 IST" duration-ms="5" status="PASS">
          <reporter-output>
          </reporter-output>
        </test-method> <!-- testMethod -->
      </class> <!-- testngpract.Demo -->
    </test> <!-- Test -->
  </suite> <!-- Suite -->
</testng-results>
